The system is: Linux - 3.8.0-19-generic - i686
Compiling the CXX compiler identification source file "CMakeCXXCompilerId.cpp" succeeded.
Compiler: /usr/bin/c++ 
Build flags: 
Id flags: 

The output was:
0


Compilation of the CXX compiler identification source "CMakeCXXCompilerId.cpp" produced "a.out"

The CXX compiler identification is GNU, found in "/home/ratyfer/Descargas/armadillo-3.920.1/CMakeFiles/2.8.10.1/CompilerIdCXX/a.out"

Determining if the CXX compiler works passed with the following output:
Change Dir: /home/ratyfer/Descargas/armadillo-3.920.1/CMakeFiles/CMakeTmp

Run Build Command:/usr/bin/make "cmTryCompileExec3631766680/fast"
/usr/bin/make -f CMakeFiles/cmTryCompileExec3631766680.dir/build.make CMakeFiles/cmTryCompileExec3631766680.dir/build
make[1]: se ingresa al directorio «/home/ratyfer/Descargas/armadillo-3.920.1/CMakeFiles/CMakeTmp»
/usr/bin/cmake -E cmake_progress_report /home/ratyfer/Descargas/armadillo-3.920.1/CMakeFiles/CMakeTmp/CMakeFiles 1
Building CXX object CMakeFiles/cmTryCompileExec3631766680.dir/testCXXCompiler.cxx.o
/usr/bin/c++     -o CMakeFiles/cmTryCompileExec3631766680.dir/testCXXCompiler.cxx.o -c /home/ratyfer/Descargas/armadillo-3.920.1/CMakeFiles/CMakeTmp/testCXXCompiler.cxx
Linking CXX executable cmTryCompileExec3631766680
/usr/bin/cmake -E cmake_link_script CMakeFiles/cmTryCompileExec3631766680.dir/link.txt --verbose=1
/usr/bin/c++          CMakeFiles/cmTryCompileExec3631766680.dir/testCXXCompiler.cxx.o  -o cmTryCompileExec3631766680 -rdynamic 
make[1]: se sale del directorio «/home/ratyfer/Descargas/armadillo-3.920.1/CMakeFiles/CMakeTmp»


Detecting CXX compiler ABI info compiled with the following output:
Change Dir: /home/ratyfer/Descargas/armadillo-3.920.1/CMakeFiles/CMakeTmp

Run Build Command:/usr/bin/make "cmTryCompileExec4024982711/fast"
/usr/bin/make -f CMakeFiles/cmTryCompileExec4024982711.dir/build.make CMakeFiles/cmTryCompileExec4024982711.dir/build
make[1]: se ingresa al directorio «/home/ratyfer/Descargas/armadillo-3.920.1/CMakeFiles/CMakeTmp»
/usr/bin/cmake -E cmake_progress_report /home/ratyfer/Descargas/armadillo-3.920.1/CMakeFiles/CMakeTmp/CMakeFiles 1
Building CXX object CMakeFiles/cmTryCompileExec4024982711.dir/CMakeCXXCompilerABI.cpp.o
/usr/bin/c++     -o CMakeFiles/cmTryCompileExec4024982711.dir/CMakeCXXCompilerABI.cpp.o -c /usr/share/cmake-2.8/Modules/CMakeCXXCompilerABI.cpp
Linking CXX executable cmTryCompileExec4024982711
/usr/bin/cmake -E cmake_link_script CMakeFiles/cmTryCompileExec4024982711.dir/link.txt --verbose=1
/usr/bin/c++        -v CMakeFiles/cmTryCompileExec4024982711.dir/CMakeCXXCompilerABI.cpp.o  -o cmTryCompileExec4024982711 -rdynamic  
Usando especificaciones internas.
COLLECT_GCC=/usr/bin/c++
COLLECT_LTO_WRAPPER=/usr/lib/gcc/i686-linux-gnu/4.7/lto-wrapper
Objetivo: i686-linux-gnu
Configurado con: ../src/configure -v --with-pkgversion='Ubuntu/Linaro 4.7.3-1ubuntu1' --with-bugurl=file:///usr/share/doc/gcc-4.7/README.Bugs --enable-languages=c,c++,go,fortran,objc,obj-c++ --prefix=/usr --program-suffix=-4.7 --enable-shared --enable-linker-build-id --libexecdir=/usr/lib --without-included-gettext --enable-threads=posix --with-gxx-include-dir=/usr/include/c++/4.7 --libdir=/usr/lib --enable-nls --with-sysroot=/ --enable-clocale=gnu --enable-libstdcxx-debug --enable-libstdcxx-time=yes --enable-gnu-unique-object --enable-plugin --with-system-zlib --enable-objc-gc --enable-targets=all --with-cloog --enable-cloog-backend=ppl --disable-cloog-version-check --disable-ppl-version-check --enable-multiarch --disable-werror --with-arch-32=i686 --with-multilib-list=m32,m64,mx32 --with-tune=generic --enable-checking=release --build=i686-linux-gnu --host=i686-linux-gnu --target=i686-linux-gnu
Modelo de hilos: posix
gcc versión 4.7.3 (Ubuntu/Linaro 4.7.3-1ubuntu1) 
COMPILER_PATH=/usr/lib/gcc/i686-linux-gnu/4.7/:/usr/lib/gcc/i686-linux-gnu/4.7/:/usr/lib/gcc/i686-linux-gnu/:/usr/lib/gcc/i686-linux-gnu/4.7/:/usr/lib/gcc/i686-linux-gnu/
LIBRARY_PATH=/usr/lib/gcc/i686-linux-gnu/4.7/:/usr/lib/gcc/i686-linux-gnu/4.7/../../../i386-linux-gnu/:/usr/lib/gcc/i686-linux-gnu/4.7/../../../../lib/:/lib/i386-linux-gnu/:/lib/../lib/:/usr/lib/i386-linux-gnu/:/usr/lib/../lib/:/usr/lib/gcc/i686-linux-gnu/4.7/../../../:/lib/:/usr/lib/
COLLECT_GCC_OPTIONS='-v' '-o' 'cmTryCompileExec4024982711' '-rdynamic' '-shared-libgcc' '-mtune=generic' '-march=i686'
 /usr/lib/gcc/i686-linux-gnu/4.7/collect2 --sysroot=/ --build-id --eh-frame-hdr -m elf_i386 --hash-style=gnu --as-needed -export-dynamic -dynamic-linker /lib/ld-linux.so.2 -z relro -o cmTryCompileExec4024982711 /usr/lib/gcc/i686-linux-gnu/4.7/../../../i386-linux-gnu/crt1.o /usr/lib/gcc/i686-linux-gnu/4.7/../../../i386-linux-gnu/crti.o /usr/lib/gcc/i686-linux-gnu/4.7/crtbegin.o -L/usr/lib/gcc/i686-linux-gnu/4.7 -L/usr/lib/gcc/i686-linux-gnu/4.7/../../../i386-linux-gnu -L/usr/lib/gcc/i686-linux-gnu/4.7/../../../../lib -L/lib/i386-linux-gnu -L/lib/../lib -L/usr/lib/i386-linux-gnu -L/usr/lib/../lib -L/usr/lib/gcc/i686-linux-gnu/4.7/../../.. CMakeFiles/cmTryCompileExec4024982711.dir/CMakeCXXCompilerABI.cpp.o -lstdc++ -lm -lgcc_s -lgcc -lc -lgcc_s -lgcc /usr/lib/gcc/i686-linux-gnu/4.7/crtend.o /usr/lib/gcc/i686-linux-gnu/4.7/../../../i386-linux-gnu/crtn.o
make[1]: se sale del directorio «/home/ratyfer/Descargas/armadillo-3.920.1/CMakeFiles/CMakeTmp»


Parsed CXX implicit link information from above output:
  link line regex: [^( *|.*[/\])(ld|ld|collect2)[^/\]*( |$)]
  ignore line: [Change Dir: /home/ratyfer/Descargas/armadillo-3.920.1/CMakeFiles/CMakeTmp]
  ignore line: []
  ignore line: [Run Build Command:/usr/bin/make "cmTryCompileExec4024982711/fast"]
  ignore line: [/usr/bin/make -f CMakeFiles/cmTryCompileExec4024982711.dir/build.make CMakeFiles/cmTryCompileExec4024982711.dir/build]
  ignore line: [make[1]: se ingresa al directorio «/home/ratyfer/Descargas/armadillo-3.920.1/CMakeFiles/CMakeTmp»]
  ignore line: [/usr/bin/cmake -E cmake_progress_report /home/ratyfer/Descargas/armadillo-3.920.1/CMakeFiles/CMakeTmp/CMakeFiles 1]
  ignore line: [Building CXX object CMakeFiles/cmTryCompileExec4024982711.dir/CMakeCXXCompilerABI.cpp.o]
  ignore line: [/usr/bin/c++     -o CMakeFiles/cmTryCompileExec4024982711.dir/CMakeCXXCompilerABI.cpp.o -c /usr/share/cmake-2.8/Modules/CMakeCXXCompilerABI.cpp]
  ignore line: [Linking CXX executable cmTryCompileExec4024982711]
  ignore line: [/usr/bin/cmake -E cmake_link_script CMakeFiles/cmTryCompileExec4024982711.dir/link.txt --verbose=1]
  ignore line: [/usr/bin/c++        -v CMakeFiles/cmTryCompileExec4024982711.dir/CMakeCXXCompilerABI.cpp.o  -o cmTryCompileExec4024982711 -rdynamic  ]
  ignore line: [Usando especificaciones internas.]
  ignore line: [COLLECT_GCC=/usr/bin/c++]
  ignore line: [COLLECT_LTO_WRAPPER=/usr/lib/gcc/i686-linux-gnu/4.7/lto-wrapper]
  ignore line: [Objetivo: i686-linux-gnu]
  ignore line: [Configurado con: ../src/configure -v --with-pkgversion='Ubuntu/Linaro 4.7.3-1ubuntu1' --with-bugurl=file:///usr/share/doc/gcc-4.7/README.Bugs --enable-languages=c,c++,go,fortran,objc,obj-c++ --prefix=/usr --program-suffix=-4.7 --enable-shared --enable-linker-build-id --libexecdir=/usr/lib --without-included-gettext --enable-threads=posix --with-gxx-include-dir=/usr/include/c++/4.7 --libdir=/usr/lib --enable-nls --with-sysroot=/ --enable-clocale=gnu --enable-libstdcxx-debug --enable-libstdcxx-time=yes --enable-gnu-unique-object --enable-plugin --with-system-zlib --enable-objc-gc --enable-targets=all --with-cloog --enable-cloog-backend=ppl --disable-cloog-version-check --disable-ppl-version-check --enable-multiarch --disable-werror --with-arch-32=i686 --with-multilib-list=m32,m64,mx32 --with-tune=generic --enable-checking=release --build=i686-linux-gnu --host=i686-linux-gnu --target=i686-linux-gnu]
  ignore line: [Modelo de hilos: posix]
  ignore line: [gcc versión 4.7.3 (Ubuntu/Linaro 4.7.3-1ubuntu1) ]
  ignore line: [COMPILER_PATH=/usr/lib/gcc/i686-linux-gnu/4.7/:/usr/lib/gcc/i686-linux-gnu/4.7/:/usr/lib/gcc/i686-linux-gnu/:/usr/lib/gcc/i686-linux-gnu/4.7/:/usr/lib/gcc/i686-linux-gnu/]
  ignore line: [LIBRARY_PATH=/usr/lib/gcc/i686-linux-gnu/4.7/:/usr/lib/gcc/i686-linux-gnu/4.7/../../../i386-linux-gnu/:/usr/lib/gcc/i686-linux-gnu/4.7/../../../../lib/:/lib/i386-linux-gnu/:/lib/../lib/:/usr/lib/i386-linux-gnu/:/usr/lib/../lib/:/usr/lib/gcc/i686-linux-gnu/4.7/../../../:/lib/:/usr/lib/]
  ignore line: [COLLECT_GCC_OPTIONS='-v' '-o' 'cmTryCompileExec4024982711' '-rdynamic' '-shared-libgcc' '-mtune=generic' '-march=i686']
  link line: [ /usr/lib/gcc/i686-linux-gnu/4.7/collect2 --sysroot=/ --build-id --eh-frame-hdr -m elf_i386 --hash-style=gnu --as-needed -export-dynamic -dynamic-linker /lib/ld-linux.so.2 -z relro -o cmTryCompileExec4024982711 /usr/lib/gcc/i686-linux-gnu/4.7/../../../i386-linux-gnu/crt1.o /usr/lib/gcc/i686-linux-gnu/4.7/../../../i386-linux-gnu/crti.o /usr/lib/gcc/i686-linux-gnu/4.7/crtbegin.o -L/usr/lib/gcc/i686-linux-gnu/4.7 -L/usr/lib/gcc/i686-linux-gnu/4.7/../../../i386-linux-gnu -L/usr/lib/gcc/i686-linux-gnu/4.7/../../../../lib -L/lib/i386-linux-gnu -L/lib/../lib -L/usr/lib/i386-linux-gnu -L/usr/lib/../lib -L/usr/lib/gcc/i686-linux-gnu/4.7/../../.. CMakeFiles/cmTryCompileExec4024982711.dir/CMakeCXXCompilerABI.cpp.o -lstdc++ -lm -lgcc_s -lgcc -lc -lgcc_s -lgcc /usr/lib/gcc/i686-linux-gnu/4.7/crtend.o /usr/lib/gcc/i686-linux-gnu/4.7/../../../i386-linux-gnu/crtn.o]
    arg [/usr/lib/gcc/i686-linux-gnu/4.7/collect2] ==> ignore
    arg [--sysroot=/] ==> ignore
    arg [--build-id] ==> ignore
    arg [--eh-frame-hdr] ==> ignore
    arg [-m] ==> ignore
    arg [elf_i386] ==> ignore
    arg [--hash-style=gnu] ==> ignore
    arg [--as-needed] ==> ignore
    arg [-export-dynamic] ==> ignore
    arg [-dynamic-linker] ==> ignore
    arg [/lib/ld-linux.so.2] ==> ignore
    arg [-zrelro] ==> ignore
    arg [-o] ==> ignore
    arg [cmTryCompileExec4024982711] ==> ignore
    arg [/usr/lib/gcc/i686-linux-gnu/4.7/../../../i386-linux-gnu/crt1.o] ==> ignore
    arg [/usr/lib/gcc/i686-linux-gnu/4.7/../../../i386-linux-gnu/crti.o] ==> ignore
    arg [/usr/lib/gcc/i686-linux-gnu/4.7/crtbegin.o] ==> ignore
    arg [-L/usr/lib/gcc/i686-linux-gnu/4.7] ==> dir [/usr/lib/gcc/i686-linux-gnu/4.7]
    arg [-L/usr/lib/gcc/i686-linux-gnu/4.7/../../../i386-linux-gnu] ==> dir [/usr/lib/gcc/i686-linux-gnu/4.7/../../../i386-linux-gnu]
    arg [-L/usr/lib/gcc/i686-linux-gnu/4.7/../../../../lib] ==> dir [/usr/lib/gcc/i686-linux-gnu/4.7/../../../../lib]
    arg [-L/lib/i386-linux-gnu] ==> dir [/lib/i386-linux-gnu]
    arg [-L/lib/../lib] ==> dir [/lib/../lib]
    arg [-L/usr/lib/i386-linux-gnu] ==> dir [/usr/lib/i386-linux-gnu]
    arg [-L/usr/lib/../lib] ==> dir [/usr/lib/../lib]
    arg [-L/usr/lib/gcc/i686-linux-gnu/4.7/../../..] ==> dir [/usr/lib/gcc/i686-linux-gnu/4.7/../../..]
    arg [CMakeFiles/cmTryCompileExec4024982711.dir/CMakeCXXCompilerABI.cpp.o] ==> ignore
    arg [-lstdc++] ==> lib [stdc++]
    arg [-lm] ==> lib [m]
    arg [-lgcc_s] ==> lib [gcc_s]
    arg [-lgcc] ==> lib [gcc]
    arg [-lc] ==> lib [c]
    arg [-lgcc_s] ==> lib [gcc_s]
    arg [-lgcc] ==> lib [gcc]
    arg [/usr/lib/gcc/i686-linux-gnu/4.7/crtend.o] ==> ignore
    arg [/usr/lib/gcc/i686-linux-gnu/4.7/../../../i386-linux-gnu/crtn.o] ==> ignore
  remove lib [gcc_s]
  remove lib [gcc]
  remove lib [gcc_s]
  remove lib [gcc]
  collapse dir [/usr/lib/gcc/i686-linux-gnu/4.7] ==> [/usr/lib/gcc/i686-linux-gnu/4.7]
  collapse dir [/usr/lib/gcc/i686-linux-gnu/4.7/../../../i386-linux-gnu] ==> [/usr/lib/i386-linux-gnu]
  collapse dir [/usr/lib/gcc/i686-linux-gnu/4.7/../../../../lib] ==> [/usr/lib]
  collapse dir [/lib/i386-linux-gnu] ==> [/lib/i386-linux-gnu]
  collapse dir [/lib/../lib] ==> [/lib]
  collapse dir [/usr/lib/i386-linux-gnu] ==> [/usr/lib/i386-linux-gnu]
  collapse dir [/usr/lib/../lib] ==> [/usr/lib]
  collapse dir [/usr/lib/gcc/i686-linux-gnu/4.7/../../..] ==> [/usr/lib]
  implicit libs: [stdc++;m;c]
  implicit dirs: [/usr/lib/gcc/i686-linux-gnu/4.7;/usr/lib/i386-linux-gnu;/usr/lib;/lib/i386-linux-gnu;/lib]


Performing C++ SOURCE FILE Test ARMA_HAVE_STD_ISFINITE succeded with the following output:
Change Dir: /home/ratyfer/Descargas/armadillo-3.920.1/CMakeFiles/CMakeTmp

Run Build Command:/usr/bin/make "cmTryCompileExec659434609/fast"
/usr/bin/make -f CMakeFiles/cmTryCompileExec659434609.dir/build.make CMakeFiles/cmTryCompileExec659434609.dir/build
make[1]: se ingresa al directorio «/home/ratyfer/Descargas/armadillo-3.920.1/CMakeFiles/CMakeTmp»
/usr/bin/cmake -E cmake_progress_report /home/ratyfer/Descargas/armadillo-3.920.1/CMakeFiles/CMakeTmp/CMakeFiles 1
Building CXX object CMakeFiles/cmTryCompileExec659434609.dir/src.cxx.o
/usr/bin/c++    -DARMA_HAVE_STD_ISFINITE   -o CMakeFiles/cmTryCompileExec659434609.dir/src.cxx.o -c /home/ratyfer/Descargas/armadillo-3.920.1/CMakeFiles/CMakeTmp/src.cxx
Linking CXX executable cmTryCompileExec659434609
/usr/bin/cmake -E cmake_link_script CMakeFiles/cmTryCompileExec659434609.dir/link.txt --verbose=1
/usr/bin/c++      -DARMA_HAVE_STD_ISFINITE    CMakeFiles/cmTryCompileExec659434609.dir/src.cxx.o  -o cmTryCompileExec659434609 -rdynamic 
make[1]: se sale del directorio «/home/ratyfer/Descargas/armadillo-3.920.1/CMakeFiles/CMakeTmp»

Source file was:

#include <cmath>

int main()
  {
  #if !defined(isfinite)
    int i = (std::isfinite)(1.0);
  #endif
  return 0;
  }

Performing C++ SOURCE FILE Test ARMA_HAVE_STD_ISINF succeded with the following output:
Change Dir: /home/ratyfer/Descargas/armadillo-3.920.1/CMakeFiles/CMakeTmp

Run Build Command:/usr/bin/make "cmTryCompileExec4084895116/fast"
/usr/bin/make -f CMakeFiles/cmTryCompileExec4084895116.dir/build.make CMakeFiles/cmTryCompileExec4084895116.dir/build
make[1]: se ingresa al directorio «/home/ratyfer/Descargas/armadillo-3.920.1/CMakeFiles/CMakeTmp»
/usr/bin/cmake -E cmake_progress_report /home/ratyfer/Descargas/armadillo-3.920.1/CMakeFiles/CMakeTmp/CMakeFiles 1
Building CXX object CMakeFiles/cmTryCompileExec4084895116.dir/src.cxx.o
/usr/bin/c++    -DARMA_HAVE_STD_ISINF   -o CMakeFiles/cmTryCompileExec4084895116.dir/src.cxx.o -c /home/ratyfer/Descargas/armadillo-3.920.1/CMakeFiles/CMakeTmp/src.cxx
Linking CXX executable cmTryCompileExec4084895116
/usr/bin/cmake -E cmake_link_script CMakeFiles/cmTryCompileExec4084895116.dir/link.txt --verbose=1
/usr/bin/c++      -DARMA_HAVE_STD_ISINF    CMakeFiles/cmTryCompileExec4084895116.dir/src.cxx.o  -o cmTryCompileExec4084895116 -rdynamic 
make[1]: se sale del directorio «/home/ratyfer/Descargas/armadillo-3.920.1/CMakeFiles/CMakeTmp»

Source file was:

#include <cmath>

int main()
  {
  #if !defined(isinf)
    int i = (std::isinf)(1.0);
  #endif
  return 0;
  }

Performing C++ SOURCE FILE Test ARMA_HAVE_STD_ISNAN succeded with the following output:
Change Dir: /home/ratyfer/Descargas/armadillo-3.920.1/CMakeFiles/CMakeTmp

Run Build Command:/usr/bin/make "cmTryCompileExec1528346247/fast"
/usr/bin/make -f CMakeFiles/cmTryCompileExec1528346247.dir/build.make CMakeFiles/cmTryCompileExec1528346247.dir/build
make[1]: se ingresa al directorio «/home/ratyfer/Descargas/armadillo-3.920.1/CMakeFiles/CMakeTmp»
/usr/bin/cmake -E cmake_progress_report /home/ratyfer/Descargas/armadillo-3.920.1/CMakeFiles/CMakeTmp/CMakeFiles 1
Building CXX object CMakeFiles/cmTryCompileExec1528346247.dir/src.cxx.o
/usr/bin/c++    -DARMA_HAVE_STD_ISNAN   -o CMakeFiles/cmTryCompileExec1528346247.dir/src.cxx.o -c /home/ratyfer/Descargas/armadillo-3.920.1/CMakeFiles/CMakeTmp/src.cxx
Linking CXX executable cmTryCompileExec1528346247
/usr/bin/cmake -E cmake_link_script CMakeFiles/cmTryCompileExec1528346247.dir/link.txt --verbose=1
/usr/bin/c++      -DARMA_HAVE_STD_ISNAN    CMakeFiles/cmTryCompileExec1528346247.dir/src.cxx.o  -o cmTryCompileExec1528346247 -rdynamic 
make[1]: se sale del directorio «/home/ratyfer/Descargas/armadillo-3.920.1/CMakeFiles/CMakeTmp»

Source file was:

#include <cmath>

int main()
  {
  #if !defined(isnan)
    int i = (std::isnan)(1.0);
  #endif
  return 0;
  }

Performing C++ SOURCE FILE Test ARMA_HAVE_LOG1P succeded with the following output:
Change Dir: /home/ratyfer/Descargas/armadillo-3.920.1/CMakeFiles/CMakeTmp

Run Build Command:/usr/bin/make "cmTryCompileExec1221234029/fast"
/usr/bin/make -f CMakeFiles/cmTryCompileExec1221234029.dir/build.make CMakeFiles/cmTryCompileExec1221234029.dir/build
make[1]: se ingresa al directorio «/home/ratyfer/Descargas/armadillo-3.920.1/CMakeFiles/CMakeTmp»
/usr/bin/cmake -E cmake_progress_report /home/ratyfer/Descargas/armadillo-3.920.1/CMakeFiles/CMakeTmp/CMakeFiles 1
Building CXX object CMakeFiles/cmTryCompileExec1221234029.dir/src.cxx.o
/usr/bin/c++    -DARMA_HAVE_LOG1P   -o CMakeFiles/cmTryCompileExec1221234029.dir/src.cxx.o -c /home/ratyfer/Descargas/armadillo-3.920.1/CMakeFiles/CMakeTmp/src.cxx
Linking CXX executable cmTryCompileExec1221234029
/usr/bin/cmake -E cmake_link_script CMakeFiles/cmTryCompileExec1221234029.dir/link.txt --verbose=1
/usr/bin/c++      -DARMA_HAVE_LOG1P    CMakeFiles/cmTryCompileExec1221234029.dir/src.cxx.o  -o cmTryCompileExec1221234029 -rdynamic 
make[1]: se sale del directorio «/home/ratyfer/Descargas/armadillo-3.920.1/CMakeFiles/CMakeTmp»

Source file was:

#include <cmath>

int main()
  {
  #if !defined(log1p)
    int i = (::log1p)(1.0);
  #endif
  return 0;
  }

Performing C++ SOURCE FILE Test ARMA_HAVE_STD_SNPRINTF succeded with the following output:
Change Dir: /home/ratyfer/Descargas/armadillo-3.920.1/CMakeFiles/CMakeTmp

Run Build Command:/usr/bin/make "cmTryCompileExec3932865582/fast"
/usr/bin/make -f CMakeFiles/cmTryCompileExec3932865582.dir/build.make CMakeFiles/cmTryCompileExec3932865582.dir/build
make[1]: se ingresa al directorio «/home/ratyfer/Descargas/armadillo-3.920.1/CMakeFiles/CMakeTmp»
/usr/bin/cmake -E cmake_progress_report /home/ratyfer/Descargas/armadillo-3.920.1/CMakeFiles/CMakeTmp/CMakeFiles 1
Building CXX object CMakeFiles/cmTryCompileExec3932865582.dir/src.cxx.o
/usr/bin/c++    -DARMA_HAVE_STD_SNPRINTF   -o CMakeFiles/cmTryCompileExec3932865582.dir/src.cxx.o -c /home/ratyfer/Descargas/armadillo-3.920.1/CMakeFiles/CMakeTmp/src.cxx
Linking CXX executable cmTryCompileExec3932865582
/usr/bin/cmake -E cmake_link_script CMakeFiles/cmTryCompileExec3932865582.dir/link.txt --verbose=1
/usr/bin/c++      -DARMA_HAVE_STD_SNPRINTF    CMakeFiles/cmTryCompileExec3932865582.dir/src.cxx.o  -o cmTryCompileExec3932865582 -rdynamic 
make[1]: se sale del directorio «/home/ratyfer/Descargas/armadillo-3.920.1/CMakeFiles/CMakeTmp»

Source file was:

#include <cstdio>

int
main()
  {
  #if !defined(snprintf)
    int i = sizeof(&(std::snprintf));
  #endif
  return 0;
  }

Performing C++ SOURCE FILE Test ARMA_HAVE_GETTIMEOFDAY succeded with the following output:
Change Dir: /home/ratyfer/Descargas/armadillo-3.920.1/CMakeFiles/CMakeTmp

Run Build Command:/usr/bin/make "cmTryCompileExec1600439307/fast"
/usr/bin/make -f CMakeFiles/cmTryCompileExec1600439307.dir/build.make CMakeFiles/cmTryCompileExec1600439307.dir/build
make[1]: se ingresa al directorio «/home/ratyfer/Descargas/armadillo-3.920.1/CMakeFiles/CMakeTmp»
/usr/bin/cmake -E cmake_progress_report /home/ratyfer/Descargas/armadillo-3.920.1/CMakeFiles/CMakeTmp/CMakeFiles 1
Building CXX object CMakeFiles/cmTryCompileExec1600439307.dir/src.cxx.o
/usr/bin/c++    -DARMA_HAVE_GETTIMEOFDAY   -o CMakeFiles/cmTryCompileExec1600439307.dir/src.cxx.o -c /home/ratyfer/Descargas/armadillo-3.920.1/CMakeFiles/CMakeTmp/src.cxx
Linking CXX executable cmTryCompileExec1600439307
/usr/bin/cmake -E cmake_link_script CMakeFiles/cmTryCompileExec1600439307.dir/link.txt --verbose=1
/usr/bin/c++      -DARMA_HAVE_GETTIMEOFDAY    CMakeFiles/cmTryCompileExec1600439307.dir/src.cxx.o  -o cmTryCompileExec1600439307 -rdynamic 
make[1]: se sale del directorio «/home/ratyfer/Descargas/armadillo-3.920.1/CMakeFiles/CMakeTmp»

Source file was:

#include <sys/time.h>

int
main()
  {
  #if !defined(gettimeofday)
    int i = sizeof(&(::gettimeofday));
  #endif
  return 0;
  }

